<?xml version="1.0" encoding="UTF-8"?>
<coverage generated="1565053422933" clover="3.2.0">
  <project timestamp="1565053422933" name="All files">
    <metrics statements="4" coveredstatements="2" conditionals="0" coveredconditionals="0" methods="1" coveredmethods="0" elements="5" coveredelements="2" complexity="0" loc="4" ncloc="4" packages="1" files="1" classes="1"/>
    <file name="db.js" path="/home/jimmy/workspace/dockerws/gamedeals-development/bg-processes/services/db.js">
      <metrics statements="4" coveredstatements="2" conditionals="0" coveredconditionals="0" methods="1" coveredmethods="0"/>
      <line num="1" count="1" type="stmt"/>
      <line num="8" count="1" type="stmt"/>
      <line num="10" count="0" type="stmt"/>
      <line num="12" count="0" type="stmt"/>
    </file>
  </project>
</coverage>
