{"/home/jimmy/workspace/dockerws/gamedeals-development/bg-processes/services/db.js": {"path":"/home/jimmy/workspace/dockerws/gamedeals-development/bg-processes/services/db.js","statementMap":{"0":{"start":{"line":1,"column":13},"end":{"line":6,"column":2}},"1":{"start":{"line":8,"column":0},"end":{"line":14,"column":2}},"2":{"start":{"line":10,"column":4},"end":{"line":10,"column":31}},"3":{"start":{"line":12,"column":4},"end":{"line":12,"column":15}}},"fnMap":{"0":{"name":"(anonymous_0)","decl":{"start":{"line":9,"column":18},"end":{"line":9,"column":19}},"loc":{"start":{"line":9,"column":24},"end":{"line":13,"column":3}},"line":9}},"branchMap":{},"s":{"0":1,"1":1,"2":0,"3":0},"f":{"0":0},"b":{},"_coverageSchema":"43e27e138ebf9cfc5966b082cf9a028302ed4184","hash":"825e0a57f7da69fd11372c02c24da98be3d57be3"}
}
